-------------------------------------------------------------------------------
Test set: ru.netology.sender.MessageSenderImplTest
-------------------------------------------------------------------------------
Tests run: 2, Failures: 0, Errors: 0, Skipped: 0, Time elapsed: 1.621 s - in ru.netology.sender.MessageSenderImplTest
ru.netology.sender.MessageSenderImplTest.test_send_message_inEnglish  Time elapsed: 1.594 s
ru.netology.sender.MessageSenderImplTest.test_send_message_inRussian  Time elapsed: 0.006 s
